{"/Users/olenakashuba/Documents/Learning/ConstructorLabs/react-cinema/src/Button.js": {"path":"/Users/olenakashuba/Documents/Learning/ConstructorLabs/react-cinema/src/Button.js","statementMap":{"0":{"start":{"line":5,"column":4},"end":{"line":5,"column":17}},"1":{"start":{"line":7,"column":4},"end":{"line":7,"column":30}},"2":{"start":{"line":9,"column":4},"end":{"line":9,"column":51}},"3":{"start":{"line":13,"column":4},"end":{"line":17,"column":6}},"4":{"start":{"line":14,"column":6},"end":{"line":16,"column":8}},"5":{"start":{"line":21,"column":4},"end":{"line":26,"column":6}}},"fnMap":{"0":{"name":"(anonymous_0)","decl":{"start":{"line":4,"column":2},"end":{"line":4,"column":3}},"loc":{"start":{"line":4,"column":20},"end":{"line":10,"column":3}},"line":4},"1":{"name":"(anonymous_1)","decl":{"start":{"line":12,"column":2},"end":{"line":12,"column":3}},"loc":{"start":{"line":12,"column":20},"end":{"line":18,"column":3}},"line":12},"2":{"name":"(anonymous_2)","decl":{"start":{"line":13,"column":18},"end":{"line":13,"column":19}},"loc":{"start":{"line":13,"column":37},"end":{"line":17,"column":5}},"line":13},"3":{"name":"(anonymous_3)","decl":{"start":{"line":20,"column":2},"end":{"line":20,"column":3}},"loc":{"start":{"line":20,"column":10},"end":{"line":27,"column":3}},"line":20}},"branchMap":{},"s":{"0":1,"1":1,"2":1,"3":0,"4":0,"5":1},"f":{"0":1,"1":0,"2":0,"3":1},"b":{},"_coverageSchema":"332fd63041d2c1bcb487cc26dd0d5f7d97098a6c","hash":"f9925b53b7f729821cadc17443c0d4a84c9eda44"}
,"/Users/olenakashuba/Documents/Learning/ConstructorLabs/react-cinema/tests/setup.js": {"path":"/Users/olenakashuba/Documents/Learning/ConstructorLabs/react-cinema/tests/setup.js","statementMap":{"0":{"start":{"line":4,"column":0},"end":{"line":4,"column":43}}},"fnMap":{},"branchMap":{},"s":{"0":1},"f":{},"b":{},"_coverageSchema":"332fd63041d2c1bcb487cc26dd0d5f7d97098a6c","hash":"f0acd6cc5d73922f1fc5cbeb5006722172537a1c"}
}
