{"/home/ania/code/react-cinema/src/Button.js": {"path":"/home/ania/code/react-cinema/src/Button.js","statementMap":{"0":{"start":{"line":5,"column":4},"end":{"line":5,"column":17}},"1":{"start":{"line":7,"column":4},"end":{"line":7,"column":30}},"2":{"start":{"line":9,"column":4},"end":{"line":9,"column":51}},"3":{"start":{"line":13,"column":4},"end":{"line":17,"column":6}},"4":{"start":{"line":14,"column":6},"end":{"line":16,"column":8}},"5":{"start":{"line":21,"column":4},"end":{"line":26,"column":6}}},"fnMap":{"0":{"name":"(anonymous_0)","decl":{"start":{"line":4,"column":2},"end":{"line":4,"column":3}},"loc":{"start":{"line":4,"column":20},"end":{"line":10,"column":3}},"line":4},"1":{"name":"(anonymous_1)","decl":{"start":{"line":12,"column":2},"end":{"line":12,"column":3}},"loc":{"start":{"line":12,"column":20},"end":{"line":18,"column":3}},"line":12},"2":{"name":"(anonymous_2)","decl":{"start":{"line":13,"column":18},"end":{"line":13,"column":19}},"loc":{"start":{"line":13,"column":37},"end":{"line":17,"column":5}},"line":13},"3":{"name":"(anonymous_3)","decl":{"start":{"line":20,"column":2},"end":{"line":20,"column":3}},"loc":{"start":{"line":20,"column":10},"end":{"line":27,"column":3}},"line":20}},"branchMap":{},"s":{"0":1,"1":1,"2":1,"3":0,"4":0,"5":1},"f":{"0":1,"1":0,"2":0,"3":1},"b":{},"_coverageSchema":"332fd63041d2c1bcb487cc26dd0d5f7d97098a6c","hash":"99700656d68f47bcb42e67452cb0694ca932aede"}
,"/home/ania/code/react-cinema/src/components/FilmDetails.js": {"path":"/home/ania/code/react-cinema/src/components/FilmDetails.js","statementMap":{"0":{"start":{"line":5,"column":2},"end":{"line":5,"column":14}},"1":{"start":{"line":9,"column":2},"end":{"line":17,"column":3}}},"fnMap":{"0":{"name":"(anonymous_0)","decl":{"start":{"line":4,"column":1},"end":{"line":4,"column":2}},"loc":{"start":{"line":4,"column":20},"end":{"line":6,"column":2}},"line":4},"1":{"name":"(anonymous_1)","decl":{"start":{"line":8,"column":1},"end":{"line":8,"column":2}},"loc":{"start":{"line":8,"column":11},"end":{"line":18,"column":2}},"line":8}},"branchMap":{"0":{"loc":{"start":{"line":11,"column":15},"end":{"line":11,"column":75}},"type":"cond-expr","locations":[{"start":{"line":11,"column":41},"end":{"line":11,"column":58}},{"start":{"line":11,"column":61},"end":{"line":11,"column":75}}],"line":11}},"s":{"0":6,"1":6},"f":{"0":6,"1":6},"b":{"0":[1,5]},"_coverageSchema":"332fd63041d2c1bcb487cc26dd0d5f7d97098a6c","hash":"d5bb6309cf1dd78c1d9eb4d5b39983282db12526"}
,"/home/ania/code/react-cinema/src/components/Results.js": {"path":"/home/ania/code/react-cinema/src/components/Results.js","statementMap":{"0":{"start":{"line":6,"column":2},"end":{"line":6,"column":15}},"1":{"start":{"line":12,"column":18},"end":{"line":12,"column":36}},"2":{"start":{"line":14,"column":31},"end":{"line":23,"column":4}},"3":{"start":{"line":15,"column":3},"end":{"line":22,"column":5}},"4":{"start":{"line":25,"column":2},"end":{"line":32,"column":4}}},"fnMap":{"0":{"name":"(anonymous_0)","decl":{"start":{"line":5,"column":1},"end":{"line":5,"column":2}},"loc":{"start":{"line":5,"column":19},"end":{"line":9,"column":2}},"line":5},"1":{"name":"(anonymous_1)","decl":{"start":{"line":10,"column":1},"end":{"line":10,"column":2}},"loc":{"start":{"line":10,"column":9},"end":{"line":33,"column":2}},"line":10},"2":{"name":"(anonymous_2)","decl":{"start":{"line":14,"column":43},"end":{"line":14,"column":44}},"loc":{"start":{"line":14,"column":61},"end":{"line":23,"column":3}},"line":14}},"branchMap":{},"s":{"0":2,"1":2,"2":2,"3":3,"4":2},"f":{"0":2,"1":2,"2":3},"b":{},"_coverageSchema":"332fd63041d2c1bcb487cc26dd0d5f7d97098a6c","hash":"3f0c7ef080941f628453ee1c33d0ea402f767cee"}
,"/home/ania/code/react-cinema/src/components/ResultsItem.js": {"path":"/home/ania/code/react-cinema/src/components/ResultsItem.js","statementMap":{"0":{"start":{"line":6,"column":2},"end":{"line":6,"column":14}},"1":{"start":{"line":8,"column":2},"end":{"line":11,"column":3}},"2":{"start":{"line":13,"column":2},"end":{"line":13,"column":49}},"3":{"start":{"line":14,"column":2},"end":{"line":14,"column":61}},"4":{"start":{"line":18,"column":2},"end":{"line":27,"column":3}},"5":{"start":{"line":19,"column":3},"end":{"line":19,"column":39}},"6":{"start":{"line":21,"column":3},"end":{"line":26,"column":5}},"7":{"start":{"line":22,"column":5},"end":{"line":22,"column":41}},"8":{"start":{"line":25,"column":5},"end":{"line":25,"column":40}},"9":{"start":{"line":32,"column":2},"end":{"line":40,"column":33}},"10":{"start":{"line":33,"column":19},"end":{"line":33,"column":33}},"11":{"start":{"line":35,"column":3},"end":{"line":38,"column":5}},"12":{"start":{"line":40,"column":16},"end":{"line":40,"column":32}},"13":{"start":{"line":47,"column":43},"end":{"line":47,"column":53}},"14":{"start":{"line":49,"column":2},"end":{"line":63,"column":4}}},"fnMap":{"0":{"name":"(anonymous_0)","decl":{"start":{"line":5,"column":1},"end":{"line":5,"column":2}},"loc":{"start":{"line":5,"column":19},"end":{"line":15,"column":2}},"line":5},"1":{"name":"(anonymous_1)","decl":{"start":{"line":17,"column":1},"end":{"line":17,"column":2}},"loc":{"start":{"line":17,"column":26},"end":{"line":29,"column":2}},"line":17},"2":{"name":"(anonymous_2)","decl":{"start":{"line":31,"column":1},"end":{"line":31,"column":2}},"loc":{"start":{"line":31,"column":21},"end":{"line":42,"column":2}},"line":31},"3":{"name":"(anonymous_3)","decl":{"start":{"line":33,"column":8},"end":{"line":33,"column":9}},"loc":{"start":{"line":33,"column":19},"end":{"line":33,"column":33}},"line":33},"4":{"name":"(anonymous_4)","decl":{"start":{"line":34,"column":8},"end":{"line":34,"column":9}},"loc":{"start":{"line":34,"column":16},"end":{"line":39,"column":3}},"line":34},"5":{"name":"(anonymous_5)","decl":{"start":{"line":40,"column":9},"end":{"line":40,"column":10}},"loc":{"start":{"line":40,"column":16},"end":{"line":40,"column":32}},"line":40},"6":{"name":"(anonymous_6)","decl":{"start":{"line":44,"column":1},"end":{"line":44,"column":2}},"loc":{"start":{"line":44,"column":9},"end":{"line":64,"column":2}},"line":44}},"branchMap":{"0":{"loc":{"start":{"line":18,"column":2},"end":{"line":27,"column":3}},"type":"if","locations":[{"start":{"line":18,"column":2},"end":{"line":27,"column":3}},{"start":{"line":18,"column":2},"end":{"line":27,"column":3}}],"line":18},"1":{"loc":{"start":{"line":21,"column":3},"end":{"line":26,"column":5}},"type":"if","locations":[{"start":{"line":21,"column":3},"end":{"line":26,"column":5}},{"start":{"line":21,"column":3},"end":{"line":26,"column":5}}],"line":21}},"s":{"0":4,"1":4,"2":4,"3":4,"4":0,"5":0,"6":0,"7":0,"8":0,"9":0,"10":0,"11":0,"12":0,"13":4,"14":4},"f":{"0":4,"1":0,"2":0,"3":0,"4":0,"5":0,"6":4},"b":{"0":[0,0],"1":[0,0]},"_coverageSchema":"332fd63041d2c1bcb487cc26dd0d5f7d97098a6c","hash":"f82effb2670f101c84d8f9d143c7fd48034d76af"}
,"/home/ania/code/react-cinema/src/components/Search.js": {"path":"/home/ania/code/react-cinema/src/components/Search.js","statementMap":{"0":{"start":{"line":5,"column":2},"end":{"line":5,"column":15}},"1":{"start":{"line":7,"column":2},"end":{"line":9,"column":3}},"2":{"start":{"line":11,"column":2},"end":{"line":11,"column":51}},"3":{"start":{"line":12,"column":2},"end":{"line":12,"column":51}},"4":{"start":{"line":16,"column":2},"end":{"line":18,"column":5}},"5":{"start":{"line":22,"column":2},"end":{"line":22,"column":25}},"6":{"start":{"line":23,"column":22},"end":{"line":23,"column":38}},"7":{"start":{"line":24,"column":2},"end":{"line":24,"column":35}},"8":{"start":{"line":29,"column":2},"end":{"line":52,"column":4}}},"fnMap":{"0":{"name":"(anonymous_0)","decl":{"start":{"line":4,"column":1},"end":{"line":4,"column":2}},"loc":{"start":{"line":4,"column":20},"end":{"line":13,"column":2}},"line":4},"1":{"name":"(anonymous_1)","decl":{"start":{"line":15,"column":1},"end":{"line":15,"column":2}},"loc":{"start":{"line":15,"column":21},"end":{"line":19,"column":2}},"line":15},"2":{"name":"(anonymous_2)","decl":{"start":{"line":21,"column":1},"end":{"line":21,"column":2}},"loc":{"start":{"line":21,"column":21},"end":{"line":25,"column":2}},"line":21},"3":{"name":"(anonymous_3)","decl":{"start":{"line":28,"column":1},"end":{"line":28,"column":2}},"loc":{"start":{"line":28,"column":9},"end":{"line":53,"column":2}},"line":28}},"branchMap":{},"s":{"0":3,"1":3,"2":3,"3":3,"4":1,"5":1,"6":1,"7":1,"8":5},"f":{"0":3,"1":1,"2":1,"3":5},"b":{},"_coverageSchema":"332fd63041d2c1bcb487cc26dd0d5f7d97098a6c","hash":"1588a840bd90d6c16fb0ed9e4db2a94a2d0b9cb3"}
,"/home/ania/code/react-cinema/src/containers/Header.js": {"path":"/home/ania/code/react-cinema/src/containers/Header.js","statementMap":{"0":{"start":{"line":3,"column":15},"end":{"line":9,"column":2}},"1":{"start":{"line":4,"column":2},"end":{"line":8,"column":11}}},"fnMap":{"0":{"name":"(anonymous_0)","decl":{"start":{"line":3,"column":15},"end":{"line":3,"column":16}},"loc":{"start":{"line":4,"column":2},"end":{"line":8,"column":11}},"line":4}},"branchMap":{},"s":{"0":1,"1":1},"f":{"0":1},"b":{},"_coverageSchema":"332fd63041d2c1bcb487cc26dd0d5f7d97098a6c","hash":"513a807f39d9f8eeba842872c96df6ee26b915a3"}
,"/home/ania/code/react-cinema/src/containers/Main.js": {"path":"/home/ania/code/react-cinema/src/containers/Main.js","statementMap":{"0":{"start":{"line":7,"column":2},"end":{"line":7,"column":15}},"1":{"start":{"line":8,"column":2},"end":{"line":11,"column":3}},"2":{"start":{"line":13,"column":2},"end":{"line":13,"column":41}},"3":{"start":{"line":17,"column":2},"end":{"line":17,"column":27}},"4":{"start":{"line":18,"column":2},"end":{"line":18,"column":35}},"5":{"start":{"line":19,"column":2},"end":{"line":27,"column":34}},"6":{"start":{"line":20,"column":20},"end":{"line":20,"column":34}},"7":{"start":{"line":22,"column":4},"end":{"line":24,"column":6}},"8":{"start":{"line":25,"column":4},"end":{"line":25,"column":33}},"9":{"start":{"line":27,"column":17},"end":{"line":27,"column":33}},"10":{"start":{"line":31,"column":2},"end":{"line":36,"column":3}}},"fnMap":{"0":{"name":"(anonymous_0)","decl":{"start":{"line":6,"column":1},"end":{"line":6,"column":2}},"loc":{"start":{"line":6,"column":20},"end":{"line":14,"column":2}},"line":6},"1":{"name":"(anonymous_1)","decl":{"start":{"line":16,"column":1},"end":{"line":16,"column":2}},"loc":{"start":{"line":16,"column":22},"end":{"line":28,"column":2}},"line":16},"2":{"name":"(anonymous_2)","decl":{"start":{"line":20,"column":9},"end":{"line":20,"column":10}},"loc":{"start":{"line":20,"column":20},"end":{"line":20,"column":34}},"line":20},"3":{"name":"(anonymous_3)","decl":{"start":{"line":21,"column":9},"end":{"line":21,"column":10}},"loc":{"start":{"line":21,"column":17},"end":{"line":26,"column":4}},"line":21},"4":{"name":"(anonymous_4)","decl":{"start":{"line":27,"column":10},"end":{"line":27,"column":11}},"loc":{"start":{"line":27,"column":17},"end":{"line":27,"column":33}},"line":27},"5":{"name":"(anonymous_5)","decl":{"start":{"line":30,"column":1},"end":{"line":30,"column":2}},"loc":{"start":{"line":30,"column":9},"end":{"line":37,"column":2}},"line":30}},"branchMap":{},"s":{"0":2,"1":2,"2":2,"3":1,"4":1,"5":1,"6":1,"7":1,"8":1,"9":0,"10":3},"f":{"0":2,"1":1,"2":1,"3":1,"4":0,"5":3},"b":{},"_coverageSchema":"332fd63041d2c1bcb487cc26dd0d5f7d97098a6c","hash":"2beb72bbd2917d553aa7ff0c3362d14beaa9c751"}
,"/home/ania/code/react-cinema/tests/setup.js": {"path":"/home/ania/code/react-cinema/tests/setup.js","statementMap":{"0":{"start":{"line":4,"column":0},"end":{"line":4,"column":43}}},"fnMap":{},"branchMap":{},"s":{"0":7},"f":{},"b":{},"_coverageSchema":"332fd63041d2c1bcb487cc26dd0d5f7d97098a6c","hash":"42132ff8ca976441d19e0622842d2ef4d7c8a52c"}
}
