TN:
SF:/home/ania/code/react-cinema/src/Button.js
FN:4,(anonymous_0)
FN:12,(anonymous_1)
FN:13,(anonymous_2)
FN:20,(anonymous_3)
FNF:4
FNH:2
FNDA:1,(anonymous_0)
FNDA:0,(anonymous_1)
FNDA:0,(anonymous_2)
FNDA:1,(anonymous_3)
DA:5,1
DA:7,1
DA:9,1
DA:13,0
DA:14,0
DA:21,1
LF:6
LH:4
BRF:0
BRH:0
end_of_record
TN:
SF:/home/ania/code/react-cinema/src/components/FilmDetails.js
FN:4,(anonymous_0)
FN:8,(anonymous_1)
FNF:2
FNH:2
FNDA:6,(anonymous_0)
FNDA:6,(anonymous_1)
DA:5,6
DA:9,6
LF:2
LH:2
BRDA:11,0,0,1
BRDA:11,0,1,5
BRF:2
BRH:2
end_of_record
TN:
SF:/home/ania/code/react-cinema/src/components/Results.js
FN:5,(anonymous_0)
FN:10,(anonymous_1)
FN:14,(anonymous_2)
FNF:3
FNH:3
FNDA:2,(anonymous_0)
FNDA:2,(anonymous_1)
FNDA:3,(anonymous_2)
DA:6,2
DA:12,2
DA:14,2
DA:15,3
DA:25,2
LF:5
LH:5
BRF:0
BRH:0
end_of_record
TN:
SF:/home/ania/code/react-cinema/src/components/ResultsItem.js
FN:5,(anonymous_0)
FN:17,(anonymous_1)
FN:31,(anonymous_2)
FN:33,(anonymous_3)
FN:34,(anonymous_4)
FN:40,(anonymous_5)
FN:44,(anonymous_6)
FNF:7
FNH:2
FNDA:4,(anonymous_0)
FNDA:0,(anonymous_1)
FNDA:0,(anonymous_2)
FNDA:0,(anonymous_3)
FNDA:0,(anonymous_4)
FNDA:0,(anonymous_5)
FNDA:4,(anonymous_6)
DA:6,4
DA:8,4
DA:13,4
DA:14,4
DA:18,0
DA:19,0
DA:21,0
DA:22,0
DA:25,0
DA:32,0
DA:33,0
DA:35,0
DA:40,0
DA:47,4
DA:49,4
LF:15
LH:6
BRDA:18,0,0,0
BRDA:18,0,1,0
BRDA:21,1,0,0
BRDA:21,1,1,0
BRF:4
BRH:0
end_of_record
TN:
SF:/home/ania/code/react-cinema/src/components/Search.js
FN:4,(anonymous_0)
FN:15,(anonymous_1)
FN:21,(anonymous_2)
FN:28,(anonymous_3)
FNF:4
FNH:4
FNDA:3,(anonymous_0)
FNDA:1,(anonymous_1)
FNDA:1,(anonymous_2)
FNDA:5,(anonymous_3)
DA:5,3
DA:7,3
DA:11,3
DA:12,3
DA:16,1
DA:22,1
DA:23,1
DA:24,1
DA:29,5
LF:9
LH:9
BRF:0
BRH:0
end_of_record
TN:
SF:/home/ania/code/react-cinema/src/containers/Header.js
FN:3,(anonymous_0)
FNF:1
FNH:1
FNDA:1,(anonymous_0)
DA:3,1
DA:4,1
LF:2
LH:2
BRF:0
BRH:0
end_of_record
TN:
SF:/home/ania/code/react-cinema/src/containers/Main.js
FN:6,(anonymous_0)
FN:16,(anonymous_1)
FN:20,(anonymous_2)
FN:21,(anonymous_3)
FN:27,(anonymous_4)
FN:30,(anonymous_5)
FNF:6
FNH:5
FNDA:2,(anonymous_0)
FNDA:1,(anonymous_1)
FNDA:1,(anonymous_2)
FNDA:1,(anonymous_3)
FNDA:0,(anonymous_4)
FNDA:3,(anonymous_5)
DA:7,2
DA:8,2
DA:13,2
DA:17,1
DA:18,1
DA:19,1
DA:20,1
DA:22,1
DA:25,1
DA:27,0
DA:31,3
LF:11
LH:10
BRF:0
BRH:0
end_of_record
TN:
SF:/home/ania/code/react-cinema/tests/setup.js
FNF:0
FNH:0
DA:4,7
LF:1
LH:1
BRF:0
BRH:0
end_of_record
